This file contains any messages produced by compilers while
running configure, to aid debugging if configure makes a mistake.

It was created by configure, which was
generated by GNU Autoconf 2.69.  Invocation command line was

  $ ./configure 

## --------- ##
## Platform. ##
## --------- ##

hostname = old59.hartrao.ac.za
uname -m = x86_64
uname -r = 16.7.0
uname -s = Darwin
uname -v = Darwin Kernel Version 16.7.0: Thu Jun 15 17:36:27 PDT 2017; root:xnu-3789.70.16~2/RELEASE_X86_64

/usr/bin/uname -p = i386
/bin/uname -X     = unknown

/bin/arch              = unknown
/usr/bin/arch -k       = unknown
/usr/convex/getsysinfo = unknown
/usr/bin/hostinfo      = Mach kernel version:
	 Darwin Kernel Version 16.7.0: Thu Jun 15 17:36:27 PDT 2017; root:xnu-3789.70.16~2/RELEASE_X86_64
Kernel configured for up to 8 processors.
4 processors are physically available.
8 processors are logically available.
Processor type: x86_64h (Intel x86-64h Haswell)
Processors active: 0 1 2 3 4 5 6 7
Primary memory available: 16.00 gigabytes
Default processor set: 248 tasks, 859 threads, 8 processors
Load average: 1.95, Mach factor: 6.04
/bin/machine           = unknown
/usr/bin/oslevel       = unknown
/bin/universe          = unknown

PATH: /opt/local/bin
PATH: /opt/local/sbin
PATH: /usr/local/bin
PATH: /usr/bin
PATH: /bin
PATH: /usr/sbin
PATH: /sbin
PATH: /opt/X11/bin
PATH: /Library/TeX/texbin


## ----------- ##
## Core tests. ##
## ----------- ##

configure:2109: checking build system type
configure:2123: result: x86_64-apple-darwin16.7.0
configure:2143: checking host system type
configure:2156: result: x86_64-apple-darwin16.7.0
configure:2176: checking target system type
configure:2189: result: x86_64-apple-darwin16.7.0
configure:2348: checking for gcc
configure:2364: found /usr/bin/gcc
configure:2375: result: gcc
configure:2604: checking for C compiler version
configure:2613: gcc --version >&5
Apple LLVM version 9.0.0 (clang-900.0.39.2)
Target: x86_64-apple-darwin16.7.0
Thread model: posix
InstalledDir: /Applications/Xcode.app/Contents/Developer/Toolchains/XcodeDefault.xctoolchain/usr/bin
Configured with: --prefix=/Applications/Xcode.app/Contents/Developer/usr --with-gxx-include-dir=/usr/include/c++/4.2.1
configure:2624: $? = 0
configure:2613: gcc -v >&5
Configured with: --prefix=/Applications/Xcode.app/Contents/Developer/usr --with-gxx-include-dir=/usr/include/c++/4.2.1
Apple LLVM version 9.0.0 (clang-900.0.39.2)
Target: x86_64-apple-darwin16.7.0
Thread model: posix
InstalledDir: /Applications/Xcode.app/Contents/Developer/Toolchains/XcodeDefault.xctoolchain/usr/bin
configure:2624: $? = 0
configure:2613: gcc -V >&5
clang: error: argument to '-V' is missing (expected 1 value)
clang: error: no input files
configure:2624: $? = 1
configure:2613: gcc -qversion >&5
clang: error: unknown argument: '-qversion'
clang: error: no input files
configure:2624: $? = 1
configure:2644: checking whether the C compiler works
configure:2666: gcc    conftest.c  >&5
configure:2670: $? = 0
configure:2718: result: yes
configure:2721: checking for C compiler default output file name
configure:2723: result: a.out
configure:2729: checking for suffix of executables
configure:2736: gcc -o conftest    conftest.c  >&5
configure:2740: $? = 0
configure:2762: result: 
configure:2784: checking whether we are cross compiling
configure:2792: gcc -o conftest    conftest.c  >&5
configure:2796: $? = 0
configure:2803: ./conftest
configure:2807: $? = 0
configure:2822: result: no
configure:2827: checking for suffix of object files
configure:2849: gcc -c   conftest.c >&5
configure:2853: $? = 0
configure:2874: result: o
configure:2878: checking whether we are using the GNU C compiler
configure:2897: gcc -c   conftest.c >&5
configure:2897: $? = 0
configure:2906: result: yes
configure:2915: checking whether gcc accepts -g
configure:2935: gcc -c -g  conftest.c >&5
configure:2935: $? = 0
configure:2976: result: yes
configure:2993: checking for gcc option to accept ISO C89
configure:3056: gcc  -c -g -O2  conftest.c >&5
configure:3056: $? = 0
configure:3069: result: none needed
configure:3095: checking how to run the C preprocessor
configure:3126: gcc -E  conftest.c
configure:3126: $? = 0
configure:3140: gcc -E  conftest.c
conftest.c:9:10: fatal error: 'ac_nonexistent.h' file not found
#include <ac_nonexistent.h>
         ^~~~~~~~~~~~~~~~~~
1 error generated.
configure:3140: $? = 1
configure: failed program was:
| /* confdefs.h */
| #define PACKAGE_NAME ""
| #define PACKAGE_TARNAME ""
| #define PACKAGE_VERSION ""
| #define PACKAGE_STRING ""
| #define PACKAGE_BUGREPORT ""
| #define PACKAGE_URL ""
| /* end confdefs.h.  */
| #include <ac_nonexistent.h>
configure:3165: result: gcc -E
configure:3185: gcc -E  conftest.c
configure:3185: $? = 0
configure:3199: gcc -E  conftest.c
conftest.c:9:10: fatal error: 'ac_nonexistent.h' file not found
#include <ac_nonexistent.h>
         ^~~~~~~~~~~~~~~~~~
1 error generated.
configure:3199: $? = 1
configure: failed program was:
| /* confdefs.h */
| #define PACKAGE_NAME ""
| #define PACKAGE_TARNAME ""
| #define PACKAGE_VERSION ""
| #define PACKAGE_STRING ""
| #define PACKAGE_BUGREPORT ""
| #define PACKAGE_URL ""
| /* end confdefs.h.  */
| #include <ac_nonexistent.h>
configure:3228: checking for grep that handles long lines and -e
configure:3286: result: /usr/bin/grep
configure:3291: checking for egrep
configure:3353: result: /usr/bin/grep -E
configure:3358: checking for ANSI C header files
configure:3378: gcc -c -g -O2  conftest.c >&5
configure:3378: $? = 0
configure:3451: gcc -o conftest -g -O2   conftest.c  >&5
configure:3451: $? = 0
configure:3451: ./conftest
configure:3451: $? = 0
configure:3462: result: yes
configure:3475: checking for sys/types.h
configure:3475: gcc -c -g -O2  conftest.c >&5
configure:3475: $? = 0
configure:3475: result: yes
configure:3475: checking for sys/stat.h
configure:3475: gcc -c -g -O2  conftest.c >&5
configure:3475: $? = 0
configure:3475: result: yes
configure:3475: checking for stdlib.h
configure:3475: gcc -c -g -O2  conftest.c >&5
configure:3475: $? = 0
configure:3475: result: yes
configure:3475: checking for string.h
configure:3475: gcc -c -g -O2  conftest.c >&5
configure:3475: $? = 0
configure:3475: result: yes
configure:3475: checking for memory.h
configure:3475: gcc -c -g -O2  conftest.c >&5
configure:3475: $? = 0
configure:3475: result: yes
configure:3475: checking for strings.h
configure:3475: gcc -c -g -O2  conftest.c >&5
configure:3475: $? = 0
configure:3475: result: yes
configure:3475: checking for inttypes.h
configure:3475: gcc -c -g -O2  conftest.c >&5
configure:3475: $? = 0
configure:3475: result: yes
configure:3475: checking for stdint.h
configure:3475: gcc -c -g -O2  conftest.c >&5
configure:3475: $? = 0
configure:3475: result: yes
configure:3475: checking for unistd.h
configure:3475: gcc -c -g -O2  conftest.c >&5
configure:3475: $? = 0
configure:3475: result: yes
configure:3678: checking for gcc
configure:3705: result: gcc
configure:3934: checking for C compiler version
configure:3943: gcc --version >&5
Apple LLVM version 9.0.0 (clang-900.0.39.2)
Target: x86_64-apple-darwin16.7.0
Thread model: posix
InstalledDir: /Applications/Xcode.app/Contents/Developer/Toolchains/XcodeDefault.xctoolchain/usr/bin
Configured with: --prefix=/Applications/Xcode.app/Contents/Developer/usr --with-gxx-include-dir=/usr/include/c++/4.2.1
configure:3954: $? = 0
configure:3943: gcc -v >&5
Configured with: --prefix=/Applications/Xcode.app/Contents/Developer/usr --with-gxx-include-dir=/usr/include/c++/4.2.1
Apple LLVM version 9.0.0 (clang-900.0.39.2)
Target: x86_64-apple-darwin16.7.0
Thread model: posix
InstalledDir: /Applications/Xcode.app/Contents/Developer/Toolchains/XcodeDefault.xctoolchain/usr/bin
configure:3954: $? = 0
configure:3943: gcc -V >&5
clang: error: argument to '-V' is missing (expected 1 value)
clang: error: no input files
configure:3954: $? = 1
configure:3943: gcc -qversion >&5
clang: error: unknown argument: '-qversion'
clang: error: no input files
configure:3954: $? = 1
configure:3958: checking whether we are using the GNU C compiler
configure:3986: result: yes
configure:3995: checking whether gcc accepts -g
configure:4056: result: yes
configure:4073: checking for gcc option to accept ISO C89
configure:4149: result: none needed
configure:4184: checking for gfortran
configure:4200: found /usr/local/bin/gfortran
configure:4211: result: gfortran
configure:4256: checking for ar
configure:4272: found /usr/bin/ar
configure:4284: result: ar
configure:4341: checking for ranlib
configure:4357: found /usr/bin/ranlib
configure:4368: result: ranlib
configure:4394: checking for stdlib.h
configure:4394: result: yes
configure:4394: checking for string.h
configure:4394: result: yes
configure:4394: checking math.h usability
configure:4394: gcc -c -g -O2  conftest.c >&5
configure:4394: $? = 0
configure:4394: result: yes
configure:4394: checking math.h presence
configure:4394: gcc -E  conftest.c
configure:4394: $? = 0
configure:4394: result: yes
configure:4394: checking for math.h
configure:4394: result: yes
configure:4394: checking limits.h usability
configure:4394: gcc -c -g -O2  conftest.c >&5
configure:4394: $? = 0
configure:4394: result: yes
configure:4394: checking limits.h presence
configure:4394: gcc -E  conftest.c
configure:4394: $? = 0
configure:4394: result: yes
configure:4394: checking for limits.h
configure:4394: result: yes
configure:4417: gcc -c -g -O2  conftest.c >&5
configure:4417: $? = 0
configure:4757: checking for curl-config
configure:4778: found /usr/bin/curl-config
configure:4801: result: curl-config
configure:4839: checking "whether ftruncate works"
configure:4855: gcc -o conftest -g -O2 -arch i386 -arch x86_64 -Dg77Fortran -fPIC -fno-common  -g -O2 conftest.c -lcurl  >&5
configure:4855: $? = 0
configure:4859: result: "yes"
configure:4873: checking "whether long long is defined"
configure:4889: gcc -c -g -O2 -arch i386 -arch x86_64 -Dg77Fortran -fPIC -fno-common  conftest.c >&5
configure:4889: $? = 0
configure:4893: result: "yes"
configure:4914: checking "whether system V style IPC services are supported"
configure:4935: gcc -o conftest -g -O2 -arch i386 -arch x86_64 -Dg77Fortran -fPIC -fno-common  -g -O2 conftest.c -lcurl  >&5
configure:4935: $? = 0
configure:4940: result: "yes"
configure:4956: checking "do we have flock_t defined in sys/fcntl.h"
configure:4972: gcc -c -g -O2 -arch i386 -arch x86_64 -Dg77Fortran -fPIC -fno-common  conftest.c >&5
conftest.c:35:1: error: use of undeclared identifier 'flock_t'; did you mean 'flock'?
flock_t filler;
^~~~~~~
flock
/usr/include/sys/fcntl.h:528:5: note: 'flock' declared here
int     flock(int, int);
        ^
conftest.c:35:1: error: must use 'struct' tag to refer to type 'flock'
flock_t filler;
^
struct 
/usr/include/sys/fcntl.h:528:5: note: struct 'flock' is hidden by a non-type declaration of 'flock' here
int     flock(int, int);
        ^
2 errors generated.
configure:4972: $? = 1
configure: failed program was:
| /* confdefs.h */
| #define PACKAGE_NAME ""
| #define PACKAGE_TARNAME ""
| #define PACKAGE_VERSION ""
| #define PACKAGE_STRING ""
| #define PACKAGE_BUGREPORT ""
| #define PACKAGE_URL ""
| #define STDC_HEADERS 1
| #define HAVE_SYS_TYPES_H 1
| #define HAVE_SYS_STAT_H 1
| #define HAVE_STDLIB_H 1
| #define HAVE_STRING_H 1
| #define HAVE_MEMORY_H 1
| #define HAVE_STRINGS_H 1
| #define HAVE_INTTYPES_H 1
| #define HAVE_STDINT_H 1
| #define HAVE_UNISTD_H 1
| #define HAVE_STDLIB_H 1
| #define HAVE_STRING_H 1
| #define HAVE_MATH_H 1
| #define HAVE_LIMITS_H 1
| #define _LARGEFILE_SOURCE 1
| #define _FILE_OFFSET_BITS 64
| #define CFITSIO_HAVE_CURL 1
| #define HAVE_FTRUNCATE 1
| #define HAVE_LONGLONG 1
| #define HAVE_SHMEM_SERVICES 1
| /* end confdefs.h.  */
| #include <sys/fcntl.h>
| 
| int
| main ()
| {
| 
| flock_t filler;
| 
|   ;
|   return 0;
| }
configure:4980: result: "no"
configure:4986: checking "do we have flock_t defined in sys/flock.h"
configure:5002: gcc -c -g -O2 -arch i386 -arch x86_64 -Dg77Fortran -fPIC -fno-common  conftest.c >&5
conftest.c:29:10: fatal error: 'sys/flock.h' file not found
#include <sys/flock.h>
         ^~~~~~~~~~~~~
1 error generated.
configure:5002: $? = 1
configure: failed program was:
| /* confdefs.h */
| #define PACKAGE_NAME ""
| #define PACKAGE_TARNAME ""
| #define PACKAGE_VERSION ""
| #define PACKAGE_STRING ""
| #define PACKAGE_BUGREPORT ""
| #define PACKAGE_URL ""
| #define STDC_HEADERS 1
| #define HAVE_SYS_TYPES_H 1
| #define HAVE_SYS_STAT_H 1
| #define HAVE_STDLIB_H 1
| #define HAVE_STRING_H 1
| #define HAVE_MEMORY_H 1
| #define HAVE_STRINGS_H 1
| #define HAVE_INTTYPES_H 1
| #define HAVE_STDINT_H 1
| #define HAVE_UNISTD_H 1
| #define HAVE_STDLIB_H 1
| #define HAVE_STRING_H 1
| #define HAVE_MATH_H 1
| #define HAVE_LIMITS_H 1
| #define _LARGEFILE_SOURCE 1
| #define _FILE_OFFSET_BITS 64
| #define CFITSIO_HAVE_CURL 1
| #define HAVE_FTRUNCATE 1
| #define HAVE_LONGLONG 1
| #define HAVE_SHMEM_SERVICES 1
| /* end confdefs.h.  */
| #include <sys/flock.h>
| 
| int
| main ()
| {
| 
|    flock_t filler;
| 
|   ;
|   return 0;
| }
configure:5010: result: "no"
configure:5078: checking "do we have union semun defined"
configure:5096: gcc -c -g -O2 -arch i386 -arch x86_64 -Dg77Fortran -fPIC -fno-common  conftest.c >&5
configure:5096: $? = 0
configure:5100: result: "yes"
configure:5112: checking for library containing gethostbyname
configure:5143: gcc -o conftest -g -O2 -arch i386 -arch x86_64 -Dg77Fortran -fPIC -fno-common  -g -O2 conftest.c -lcurl  >&5
configure:5143: $? = 0
configure:5160: result: none required
configure:5170: checking for library containing connect
configure:5201: gcc -o conftest -g -O2 -arch i386 -arch x86_64 -Dg77Fortran -fPIC -fno-common  -g -O2 conftest.c -lcurl  >&5
configure:5201: $? = 0
configure:5218: result: none required
configure:5388: creating ./config.status

## ---------------------- ##
## Running config.status. ##
## ---------------------- ##

This file was extended by config.status, which was
generated by GNU Autoconf 2.69.  Invocation command line was

  CONFIG_FILES    = 
  CONFIG_HEADERS  = 
  CONFIG_LINKS    = 
  CONFIG_COMMANDS = 
  $ ./config.status 

on old59.hartrao.ac.za

config.status:757: creating Makefile
configure:6545: creating ./config.status

## ---------------------- ##
## Running config.status. ##
## ---------------------- ##

This file was extended by config.status, which was
generated by GNU Autoconf 2.69.  Invocation command line was

  CONFIG_FILES    = 
  CONFIG_HEADERS  = 
  CONFIG_LINKS    = 
  CONFIG_COMMANDS = 
  $ ./config.status 

on old59.hartrao.ac.za

config.status:758: creating Makefile
config.status:758: creating cfitsio.pc
configure:7553: result: 
configure:7555: result:     Congratulations, Makefile update was successful.
configure:7557: result:     You may want to run "make" now.
configure:7559: result: 

## ---------------- ##
## Cache variables. ##
## ---------------- ##

ac_cv_build=x86_64-apple-darwin16.7.0
ac_cv_c_compiler_gnu=yes
ac_cv_env_CC_set=
ac_cv_env_CC_value=
ac_cv_env_CFLAGS_set=
ac_cv_env_CFLAGS_value=
ac_cv_env_CPPFLAGS_set=
ac_cv_env_CPPFLAGS_value=
ac_cv_env_CPP_set=
ac_cv_env_CPP_value=
ac_cv_env_LDFLAGS_set=
ac_cv_env_LDFLAGS_value=
ac_cv_env_LIBS_set=
ac_cv_env_LIBS_value=
ac_cv_env_build_alias_set=
ac_cv_env_build_alias_value=
ac_cv_env_host_alias_set=
ac_cv_env_host_alias_value=
ac_cv_env_target_alias_set=
ac_cv_env_target_alias_value=
ac_cv_header_inttypes_h=yes
ac_cv_header_limits_h=yes
ac_cv_header_math_h=yes
ac_cv_header_memory_h=yes
ac_cv_header_stdc=yes
ac_cv_header_stdint_h=yes
ac_cv_header_stdlib_h=yes
ac_cv_header_string_h=yes
ac_cv_header_strings_h=yes
ac_cv_header_sys_stat_h=yes
ac_cv_header_sys_types_h=yes
ac_cv_header_unistd_h=yes
ac_cv_host=x86_64-apple-darwin16.7.0
ac_cv_objext=o
ac_cv_path_EGREP='/usr/bin/grep -E'
ac_cv_path_GREP=/usr/bin/grep
ac_cv_prog_AR=ar
ac_cv_prog_CPP='gcc -E'
ac_cv_prog_CURLCONFIG=curl-config
ac_cv_prog_FC=gfortran
ac_cv_prog_ac_ct_CC=gcc
ac_cv_prog_ac_ct_RANLIB=ranlib
ac_cv_prog_cc_c89=
ac_cv_prog_cc_g=yes
ac_cv_search_connect='none required'
ac_cv_search_gethostbyname='none required'
ac_cv_target=x86_64-apple-darwin16.7.0

## ----------------- ##
## Output variables. ##
## ----------------- ##

AR='ar'
ARCH='i386'
ARCHIVE='ar rv'
CC='gcc'
CFITSIO_MAJOR='3'
CFITSIO_MINOR='42'
CFITSIO_SHLIB='lib${PACKAGE}.${CFITSIO_SONAME}.${CFITSIO_MAJOR}.${CFITSIO_MINOR}${SHLIB_SUFFIX}'
CFITSIO_SHLIB_SONAME='lib${PACKAGE}.${CFITSIO_SONAME}${SHLIB_SUFFIX}'
CFITSIO_SONAME='5'
CFLAGS='-g -O2 -arch i386 -arch x86_64 -Dg77Fortran -fPIC -fno-common'
CPP='gcc -E'
CPPFLAGS=''
CURLCONFIG='curl-config'
DEFS='-DPACKAGE_NAME=\"\" -DPACKAGE_TARNAME=\"\" -DPACKAGE_VERSION=\"\" -DPACKAGE_STRING=\"\" -DPACKAGE_BUGREPORT=\"\" -DPACKAGE_URL=\"\" -DSTDC_HEADERS=1 -DHAVE_SYS_TYPES_H=1 -DHAVE_SYS_STAT_H=1 -DHAVE_STDLIB_H=1 -DHAVE_STRING_H=1 -DHAVE_MEMORY_H=1 -DHAVE_STRINGS_H=1 -DHAVE_INTTYPES_H=1 -DHAVE_STDINT_H=1 -DHAVE_UNISTD_H=1 -DHAVE_STDLIB_H=1 -DHAVE_STRING_H=1 -DHAVE_MATH_H=1 -DHAVE_LIMITS_H=1 -D_LARGEFILE_SOURCE=1 -D_FILE_OFFSET_BITS=64 -DCFITSIO_HAVE_CURL=1 -DHAVE_FTRUNCATE=1 -DHAVE_LONGLONG=1 -DHAVE_SHMEM_SERVICES=1 -DHAVE_UNION_SEMUN=1 -DHAVE_NET_SERVICES=1'
ECHO_C='\c'
ECHO_N=''
ECHO_T=''
EGREP='/usr/bin/grep -E'
EXEEXT=''
F77_WRAPPERS='${FITSIO_SRC}'
FC='gfortran'
GCCVERSION='4.2.1'
GREP='/usr/bin/grep'
INSTALL_ROOT='${prefix}'
LDFLAGS='-g -O2'
LDFLAGS_BIN='-g -O2 -rpath ${CFITSIO_LIB}'
LIBOBJS=''
LIBPRE=''
LIBS='-lcurl '
LTLIBOBJS=''
OBJEXT='o'
PACKAGE_BUGREPORT=''
PACKAGE_NAME=''
PACKAGE_STRING=''
PACKAGE_TARNAME=''
PACKAGE_URL=''
PACKAGE_VERSION=''
PATH_SEPARATOR=':'
RANLIB='ranlib'
SHELL='/bin/sh'
SHLIB_LD='gcc -dynamiclib -arch i386 -arch x86_64 -headerpad_max_install_names -install_name @rpath/lib${PACKAGE}.${CFITSIO_SONAME}${SHLIB_SUFFIX} -compatibility_version ${CFITSIO_SONAME} -current_version ${CFITSIO_SONAME}.${CFITSIO_MAJOR}.${CFITSIO_MINOR}'
SHLIB_SUFFIX='.dylib'
SSE_FLAGS=''
ac_ct_CC='gcc'
bindir='${exec_prefix}/bin'
build='x86_64-apple-darwin16.7.0'
build_alias=''
build_cpu='x86_64'
build_os='darwin16.7.0'
build_vendor='apple'
datadir='${datarootdir}'
datarootdir='${prefix}/share'
docdir='${datarootdir}/doc/${PACKAGE}'
dvidir='${docdir}'
exec_prefix='${prefix}'
host='x86_64-apple-darwin16.7.0'
host_alias=''
host_cpu='x86_64'
host_os='darwin16.7.0'
host_vendor='apple'
htmldir='${docdir}'
includedir='${prefix}/include'
infodir='${datarootdir}/info'
libdir='${exec_prefix}/lib'
libexecdir='${exec_prefix}/libexec'
localedir='${datarootdir}/locale'
localstatedir='${prefix}/var'
mandir='${datarootdir}/man'
my_shmem='${SOURCES_SHMEM}'
oldincludedir='/usr/include'
pdfdir='${docdir}'
prefix='/Users/gordon.macleod/Downloads/cfitsio'
program_transform_name='s,x,x,'
psdir='${docdir}'
sbindir='${exec_prefix}/sbin'
sharedstatedir='${prefix}/com'
sysconfdir='${prefix}/etc'
target='x86_64-apple-darwin16.7.0'
target_alias=''
target_cpu='x86_64'
target_os='darwin16.7.0'
target_vendor='apple'

## ----------- ##
## confdefs.h. ##
## ----------- ##

/* confdefs.h */
#define PACKAGE_NAME ""
#define PACKAGE_TARNAME ""
#define PACKAGE_VERSION ""
#define PACKAGE_STRING ""
#define PACKAGE_BUGREPORT ""
#define PACKAGE_URL ""
#define STDC_HEADERS 1
#define HAVE_SYS_TYPES_H 1
#define HAVE_SYS_STAT_H 1
#define HAVE_STDLIB_H 1
#define HAVE_STRING_H 1
#define HAVE_MEMORY_H 1
#define HAVE_STRINGS_H 1
#define HAVE_INTTYPES_H 1
#define HAVE_STDINT_H 1
#define HAVE_UNISTD_H 1
#define HAVE_STDLIB_H 1
#define HAVE_STRING_H 1
#define HAVE_MATH_H 1
#define HAVE_LIMITS_H 1
#define _LARGEFILE_SOURCE 1
#define _FILE_OFFSET_BITS 64
#define CFITSIO_HAVE_CURL 1
#define HAVE_FTRUNCATE 1
#define HAVE_LONGLONG 1
#define HAVE_SHMEM_SERVICES 1
#define HAVE_UNION_SEMUN 1
#define HAVE_NET_SERVICES 1

configure: exit 0
